<?xml version="1.0" encoding="UTF-8"?>
<!-- Generated by org.testng.reporters.JUnitReportReporter -->
<testsuite hostname="CSPC182" name="Test.test" tests="1" failures="0" timestamp="5 Mar 2022 08:23:44 GMT" time="7.547" errors="1">
  <testcase name="browsersetup" time="7.547" classname="Test.test">
    <error type="org.openqa.selenium.SessionNotCreatedException" message="session not created: This version of ChromeDriver only supports Chrome version 97
Current browser version is 99.0.4844.51 with binary path C:\Program Files (x86)\Google\Chrome\Application\chrome.exe
Build info: version: &#039;3.141.59&#039;, revision: &#039;e82be7d358&#039;, time: &#039;2018-11-14T08:25:53&#039;
System info: host: &#039;CSPC182&#039;, ip: &#039;172.16.100.125&#039;, os.name: &#039;Windows 10&#039;, os.arch: &#039;amd64&#039;, os.version: &#039;10.0&#039;, java.version: &#039;1.8.0_211&#039;
Driver info: driver.version: ChromeDriver
remote stacktrace: Backtrace:
	Ordinal0 [0x0089FDC3+2555331]
	Ordinal0 [0x008377F1+2127857]
	Ordinal0 [0x00732E08+1060360]
	Ordinal0 [0x007519CA+1186250]
	Ordinal0 [0x0074D825+1169445]
	Ordinal0 [0x0074AFC1+1159105]
	Ordinal0 [0x0077C22F+1360431]
	Ordinal0 [0x0077BE9A+1359514]
	Ordinal0 [0x00777976+1341814]
	Ordinal0 [0x007536B6+1193654]
	Ordinal0 [0x00754546+1197382]
	GetHandleVerifier [0x00A39622+1619522]
	GetHandleVerifier [0x00AE882C+2336844]
	GetHandleVerifier [0x009323E1+541697]
	GetHandleVerifier [0x00931443+537699]
	Ordinal0 [0x0083D18E+2150798]
	Ordinal0 [0x00841518+2168088]
	Ordinal0 [0x00841660+2168416]
	Ordinal0 [0x0084B330+2208560]
	BaseThreadInitThunk [0x76C0FA29+25]
	RtlGetAppContainerNamedObjectPath [0x775D7A9E+286]
	RtlGetAppContainerNamedObjectPath [0x775D7A6E+238]
">
      <![CDATA[org.openqa.selenium.SessionNotCreatedException: session not created: This version of ChromeDriver only supports Chrome version 97
Current browser version is 99.0.4844.51 with binary path C:\Program Files (x86)\Google\Chrome\Application\chrome.exe
Build info: version: '3.141.59', revision: 'e82be7d358', time: '2018-11-14T08:25:53'
System info: host: 'CSPC182', ip: '172.16.100.125', os.name: 'Windows 10', os.arch: 'amd64', os.version: '10.0', java.version: '1.8.0_211'
Driver info: driver.version: ChromeDriver
remote stacktrace: Backtrace:
	Ordinal0 [0x0089FDC3+2555331]
	Ordinal0 [0x008377F1+2127857]
	Ordinal0 [0x00732E08+1060360]
	Ordinal0 [0x007519CA+1186250]
	Ordinal0 [0x0074D825+1169445]
	Ordinal0 [0x0074AFC1+1159105]
	Ordinal0 [0x0077C22F+1360431]
	Ordinal0 [0x0077BE9A+1359514]
	Ordinal0 [0x00777976+1341814]
	Ordinal0 [0x007536B6+1193654]
	Ordinal0 [0x00754546+1197382]
	GetHandleVerifier [0x00A39622+1619522]
	GetHandleVerifier [0x00AE882C+2336844]
	GetHandleVerifier [0x009323E1+541697]
	GetHandleVerifier [0x00931443+537699]
	Ordinal0 [0x0083D18E+2150798]
	Ordinal0 [0x00841518+2168088]
	Ordinal0 [0x00841660+2168416]
	Ordinal0 [0x0084B330+2208560]
	BaseThreadInitThunk [0x76C0FA29+25]
	RtlGetAppContainerNamedObjectPath [0x775D7A9E+286]
	RtlGetAppContainerNamedObjectPath [0x775D7A6E+238]

	at sun.reflect.NativeConstructorAccessorImpl.newInstance0(Native Method)
	at sun.reflect.NativeConstructorAccessorImpl.newInstance(Unknown Source)
	at sun.reflect.DelegatingConstructorAccessorImpl.newInstance(Unknown Source)
	at java.lang.reflect.Constructor.newInstance(Unknown Source)
	at org.openqa.selenium.remote.W3CHandshakeResponse.lambda$errorHandler$0(W3CHandshakeResponse.java:62)
	at org.openqa.selenium.remote.HandshakeResponse.lambda$getResponseFunction$0(HandshakeResponse.java:30)
	at org.openqa.selenium.remote.ProtocolHandshake.lambda$createSession$0(ProtocolHandshake.java:126)
	at java.util.stream.ReferencePipeline$3$1.accept(Unknown Source)
	at java.util.Spliterators$ArraySpliterator.tryAdvance(Unknown Source)
	at java.util.stream.ReferencePipeline.forEachWithCancel(Unknown Source)
	at java.util.stream.AbstractPipeline.copyIntoWithCancel(Unknown Source)
	at java.util.stream.AbstractPipeline.copyInto(Unknown Source)
	at java.util.stream.AbstractPipeline.wrapAndCopyInto(Unknown Source)
	at java.util.stream.FindOps$FindOp.evaluateSequential(Unknown Source)
	at java.util.stream.AbstractPipeline.evaluate(Unknown Source)
	at java.util.stream.ReferencePipeline.findFirst(Unknown Source)
	at org.openqa.selenium.remote.ProtocolHandshake.createSession(ProtocolHandshake.java:128)
	at org.openqa.selenium.remote.ProtocolHandshake.createSession(ProtocolHandshake.java:74)
	at org.openqa.selenium.remote.HttpCommandExecutor.execute(HttpCommandExecutor.java:136)
	at org.openqa.selenium.remote.service.DriverCommandExecutor.execute(DriverCommandExecutor.java:83)
	at org.openqa.selenium.remote.RemoteWebDriver.execute(RemoteWebDriver.java:552)
	at org.openqa.selenium.remote.RemoteWebDriver.startSession(RemoteWebDriver.java:213)
	at org.openqa.selenium.remote.RemoteWebDriver.<init>(RemoteWebDriver.java:131)
	at org.openqa.selenium.chrome.ChromeDriver.<init>(ChromeDriver.java:181)
	at org.openqa.selenium.chrome.ChromeDriver.<init>(ChromeDriver.java:168)
	at org.openqa.selenium.chrome.ChromeDriver.<init>(ChromeDriver.java:123)
	at Test.test.browsersetup(test.java:16)
	at sun.reflect.NativeMethodAccessorImpl.invoke0(Native Method)
	at sun.reflect.NativeMethodAccessorImpl.invoke(Unknown Source)
	at sun.reflect.DelegatingMethodAccessorImpl.invoke(Unknown Source)
	at java.lang.reflect.Method.invoke(Unknown Source)
	at org.testng.internal.MethodInvocationHelper.invokeMethod(MethodInvocationHelper.java:86)
	at org.testng.internal.Invoker.invokeMethod(Invoker.java:645)
	at org.testng.internal.Invoker.invokeTestMethod(Invoker.java:822)
	at org.testng.internal.Invoker.invokeTestMethods(Invoker.java:1130)
	at org.testng.internal.TestMethodWorker.invokeTestMethods(TestMethodWorker.java:129)
	at org.testng.internal.TestMethodWorker.run(TestMethodWorker.java:112)
	at org.testng.TestRunner.privateRun(TestRunner.java:782)
	at org.testng.TestRunner.run(TestRunner.java:632)
	at org.testng.SuiteRunner.runTest(SuiteRunner.java:366)
	at org.testng.SuiteRunner.runSequentially(SuiteRunner.java:361)
	at org.testng.SuiteRunner.privateRun(SuiteRunner.java:319)
	at org.testng.SuiteRunner.run(SuiteRunner.java:268)
	at org.testng.SuiteRunnerWorker.runSuite(SuiteRunnerWorker.java:52)
	at org.testng.SuiteRunnerWorker.run(SuiteRunnerWorker.java:86)
	at org.testng.TestNG.runSuitesSequentially(TestNG.java:1244)
	at org.testng.TestNG.runSuitesLocally(TestNG.java:1169)
	at org.testng.TestNG.run(TestNG.java:1064)
	at org.testng.remote.RemoteTestNG.run(RemoteTestNG.java:113)
	at org.testng.remote.RemoteTestNG.initAndRun(RemoteTestNG.java:206)
	at org.testng.remote.RemoteTestNG.main(RemoteTestNG.java:177)
]]>
    </error>
  </testcase> <!-- browsersetup -->
</testsuite> <!-- Test.test -->
